{"level":"error","message":"Error en /generateData: UserModel is not defined","timestamp":"2025-03-14T12:50:53.055Z"}
{"level":"error","message":"Error handler activado: UserModel is not defined","timestamp":"2025-03-14T12:50:53.059Z"}
{"level":"error","message":"Error en /generateData: userModel is not defined","timestamp":"2025-03-14T12:59:56.548Z"}
{"level":"error","message":"Error handler activado: userModel is not defined","timestamp":"2025-03-14T12:59:56.550Z"}
{"level":"error","message":"Error handler activado: Cast to ObjectId failed for value \"undefined\" (type string) at path \"_id\" for model \"Users\"","timestamp":"2025-04-10T13:41:49.721Z"}
{"level":"error","message":"Error handler activado: Cast to ObjectId failed for value \"undefined\" (type string) at path \"_id\" for model \"Users\"","timestamp":"2025-04-10T13:41:49.866Z"}
{"level":"error","message":"Pet Already Adopted: \nDetalle: Pet with ID 7dfe0e3888e6548d597befbb is already adopted","timestamp":"2025-04-10T14:56:10.747Z"}
{"level":"error","message":"Pet Already Adopted: \nDetalle: Pet with ID ba5415060d75d0e0cda9cdeb is already adopted","timestamp":"2025-04-10T15:01:30.131Z"}
{"level":"error","message":"Pet Already Adopted: \nDetalle: Pet with ID ba5415060d75d0e0cda9cdeb is already adopted","timestamp":"2025-04-10T15:01:30.611Z"}
{"level":"error","message":"User Not Found: \nDetalle: User with ID 67f7dd4acff5c5a6aa856329 not found","timestamp":"2025-04-10T15:01:30.673Z"}
{"level":"error","message":"Pet Not Found: \nDetalle: Pet with ID 67f7dd4acff5c5a6aa85632a not found","timestamp":"2025-04-10T15:01:30.775Z"}
{"level":"error","message":"Error handler activado: Cast to ObjectId failed for value \"invalidUserId\" (type string) at path \"_id\" for model \"Users\"","timestamp":"2025-04-10T15:01:30.787Z"}
{"level":"error","message":"Adoption Not Found: \nDetalle: Adoption with ID 67f7dd4acff5c5a6aa85632b not found","timestamp":"2025-04-10T15:01:30.844Z"}
{"level":"error","message":"Error handler activado: Cast to ObjectId failed for value \"notAValidId\" (type string) at path \"_id\" for model \"Adoptions\"","timestamp":"2025-04-10T15:01:30.855Z"}
{"level":"error","message":"Pet Already Adopted: \nDetalle: Pet with ID 6b7e4bba8d9a9348b0c369da is already adopted","timestamp":"2025-04-10T15:05:19.686Z"}
{"level":"error","message":"User Not Found: \nDetalle: User with ID 67f7de2f11a70b18fc9c07f7 not found","timestamp":"2025-04-10T15:05:19.753Z"}
{"level":"error","message":"Pet Not Found: \nDetalle: Pet with ID 67f7de2f11a70b18fc9c07f8 not found","timestamp":"2025-04-10T15:05:19.886Z"}
{"level":"error","message":"Error handler activado: Cast to ObjectId failed for value \"invalidUserId\" (type string) at path \"_id\" for model \"Users\"","timestamp":"2025-04-10T15:05:19.897Z"}
{"level":"error","message":"Adoption Not Found: \nDetalle: Adoption with ID 67f7de2f11a70b18fc9c07f9 not found","timestamp":"2025-04-10T15:05:19.963Z"}
{"level":"error","message":"Error handler activado: Cast to ObjectId failed for value \"notAValidId\" (type string) at path \"_id\" for model \"Adoptions\"","timestamp":"2025-04-10T15:05:19.970Z"}
{"level":"error","message":"Pet Already Adopted: \nDetalle: Pet with ID 923cefc7fa785aa6bb17a9ad is already adopted","timestamp":"2025-04-10T15:09:21.704Z"}
{"level":"error","message":"User Not Found: \nDetalle: User with ID 67f7df21f58e4e7686157457 not found","timestamp":"2025-04-10T15:09:21.769Z"}
{"level":"error","message":"Pet Not Found: \nDetalle: Pet with ID 67f7df21f58e4e7686157458 not found","timestamp":"2025-04-10T15:09:21.885Z"}
{"level":"error","message":"Error handler activado: Cast to ObjectId failed for value \"invalidUserId\" (type string) at path \"_id\" for model \"Users\"","timestamp":"2025-04-10T15:09:21.895Z"}
{"level":"error","message":"Adoption Not Found: \nDetalle: Adoption with ID 67f7df21f58e4e7686157459 not found","timestamp":"2025-04-10T15:09:21.943Z"}
{"level":"error","message":"Error handler activado: Cast to ObjectId failed for value \"notAValidId\" (type string) at path \"_id\" for model \"Adoptions\"","timestamp":"2025-04-10T15:09:21.956Z"}
{"level":"error","message":"Pet Already Adopted: \nDetalle: Pet with ID 0da1ddfc5b0d3a7babfa9726 is already adopted","timestamp":"2025-04-10T15:27:10.991Z"}
{"level":"error","message":"User Not Found: \nDetalle: User with ID 67f7e34e7f1fa28ad876617f not found","timestamp":"2025-04-10T15:27:11.049Z"}
{"level":"error","message":"Pet Not Found: \nDetalle: Pet with ID 67f7e34f7f1fa28ad8766180 not found","timestamp":"2025-04-10T15:27:11.159Z"}
{"level":"error","message":"Error handler activado: Cast to ObjectId failed for value \"invalidUserId\" (type string) at path \"_id\" for model \"Users\"","timestamp":"2025-04-10T15:27:11.169Z"}
{"level":"error","message":"Adoption Not Found: \nDetalle: Adoption with ID 67f7e34f7f1fa28ad8766181 not found","timestamp":"2025-04-10T15:27:11.217Z"}
{"level":"error","message":"Error handler activado: Cast to ObjectId failed for value \"notAValidId\" (type string) at path \"_id\" for model \"Adoptions\"","timestamp":"2025-04-10T15:27:11.226Z"}
{"level":"error","message":"Pet Already Adopted: \nDetalle: Pet with ID b1dcc8ab6fa80bfebd9c1afa is already adopted","timestamp":"2025-04-10T15:43:48.977Z"}
{"level":"error","message":"User Not Found: \nDetalle: User with ID 67f7e73466475b623fb6e6fd not found","timestamp":"2025-04-10T15:43:49.046Z"}
{"level":"error","message":"Pet Not Found: \nDetalle: Pet with ID 67f7e73566475b623fb6e6fe not found","timestamp":"2025-04-10T15:43:49.149Z"}
{"level":"error","message":"Error handler activado: Cast to ObjectId failed for value \"invalidUserId\" (type string) at path \"_id\" for model \"Users\"","timestamp":"2025-04-10T15:43:49.159Z"}
{"level":"error","message":"Adoption Not Found: \nDetalle: Adoption with ID 67f7e73566475b623fb6e6ff not found","timestamp":"2025-04-10T15:43:49.216Z"}
{"level":"error","message":"Error handler activado: Cast to ObjectId failed for value \"notAValidId\" (type string) at path \"_id\" for model \"Adoptions\"","timestamp":"2025-04-10T15:43:49.226Z"}
{"level":"error","message":"Pet Already Adopted: \nDetalle: Pet with ID bc1d262de0ffbbce1882ac6b is already adopted","timestamp":"2025-04-10T15:51:27.828Z"}
{"level":"error","message":"User Not Found: \nDetalle: User with ID 67f7e8ffca653df1e2d8b2bb not found","timestamp":"2025-04-10T15:51:27.892Z"}
{"level":"error","message":"Pet Not Found: \nDetalle: Pet with ID 67f7e8ffca653df1e2d8b2bc not found","timestamp":"2025-04-10T15:51:28.002Z"}
{"level":"error","message":"Error handler activado: Cast to ObjectId failed for value \"invalidUserId\" (type string) at path \"_id\" for model \"Users\"","timestamp":"2025-04-10T15:51:28.009Z"}
{"level":"error","message":"Adoption Not Found: \nDetalle: Adoption with ID 67f7e900ca653df1e2d8b2bd not found","timestamp":"2025-04-10T15:51:28.057Z"}
{"level":"error","message":"Error handler activado: Cast to ObjectId failed for value \"notAValidId\" (type string) at path \"_id\" for model \"Adoptions\"","timestamp":"2025-04-10T15:51:28.071Z"}
{"level":"error","message":"Pet Already Adopted: \nDetalle: Pet with ID 5f242e3d2b6f5f28f15544f1 is already adopted","timestamp":"2025-04-10T15:53:13.483Z"}
{"level":"error","message":"User Not Found: \nDetalle: User with ID 67f7e969ff061a05b7d02b4b not found","timestamp":"2025-04-10T15:53:13.539Z"}
{"level":"error","message":"Pet Not Found: \nDetalle: Pet with ID 67f7e969ff061a05b7d02b4c not found","timestamp":"2025-04-10T15:53:13.656Z"}
{"level":"error","message":"Error handler activado: Cast to ObjectId failed for value \"invalidUserId\" (type string) at path \"_id\" for model \"Users\"","timestamp":"2025-04-10T15:53:13.669Z"}
{"level":"error","message":"Adoption Not Found: \nDetalle: Adoption with ID 67f7e969ff061a05b7d02b4d not found","timestamp":"2025-04-10T15:53:13.751Z"}
{"level":"error","message":"Error handler activado: Cast to ObjectId failed for value \"notAValidId\" (type string) at path \"_id\" for model \"Adoptions\"","timestamp":"2025-04-10T15:53:13.768Z"}
{"level":"error","message":"Pet Already Adopted: \nDetalle: Pet with ID 9ecacea6bce2aca28b07e8af is already adopted","timestamp":"2025-04-10T15:55:01.986Z"}
{"level":"error","message":"User Not Found: \nDetalle: User with ID 67f7e9d56670e81f2055eb6b not found","timestamp":"2025-04-10T15:55:02.038Z"}
{"level":"error","message":"Pet Not Found: \nDetalle: Pet with ID 67f7e9d66670e81f2055eb6c not found","timestamp":"2025-04-10T15:55:02.141Z"}
{"level":"error","message":"Error handler activado: Cast to ObjectId failed for value \"invalidUserId\" (type string) at path \"_id\" for model \"Users\"","timestamp":"2025-04-10T15:55:02.150Z"}
{"level":"error","message":"Adoption Not Found: \nDetalle: Adoption with ID 67f7e9d66670e81f2055eb6d not found","timestamp":"2025-04-10T15:55:02.206Z"}
{"level":"error","message":"Error handler activado: Cast to ObjectId failed for value \"notAValidId\" (type string) at path \"_id\" for model \"Adoptions\"","timestamp":"2025-04-10T15:55:02.218Z"}
{"level":"error","message":"Error Get User: \nDetalle: User with ID 67f7e9d66670e81f2055eb71 not found","timestamp":"2025-04-10T15:55:02.683Z"}
{"level":"error","message":"Error handler activado: Cast to ObjectId failed for value \"notAValidId\" (type string) at path \"_id\" for model \"Users\"","timestamp":"2025-04-10T15:55:02.692Z"}
{"level":"error","message":"User not found: \nDetalle: User with ID 67f7e9d66670e81f2055eb72 not found","timestamp":"2025-04-10T15:55:02.868Z"}
{"level":"error","message":"User Not Found: \nDetalle: User with ID 67f7e9d66670e81f2055eb73 not found","timestamp":"2025-04-10T15:55:03.046Z"}
{"level":"error","message":"Error handler activado: Cast to ObjectId failed for value \"notAValidId\" (type string) at path \"_id\" for model \"Users\"","timestamp":"2025-04-10T15:55:03.055Z"}
{"level":"error","message":"Pet Already Adopted: \nDetalle: Pet with ID 7e4dacee76d514f6921b1e1c is already adopted","timestamp":"2025-04-10T16:01:37.267Z"}
{"level":"error","message":"User Not Found: \nDetalle: User with ID 67f7eb616eced1720e676ab1 not found","timestamp":"2025-04-10T16:01:37.327Z"}
{"level":"error","message":"Pet Not Found: \nDetalle: Pet with ID 67f7eb616eced1720e676ab2 not found","timestamp":"2025-04-10T16:01:37.433Z"}
{"level":"error","message":"Error handler activado: Cast to ObjectId failed for value \"invalidUserId\" (type string) at path \"_id\" for model \"Users\"","timestamp":"2025-04-10T16:01:37.444Z"}
{"level":"error","message":"Adoption Not Found: \nDetalle: Adoption with ID 67f7eb616eced1720e676ab3 not found","timestamp":"2025-04-10T16:01:37.508Z"}
{"level":"error","message":"Error handler activado: Cast to ObjectId failed for value \"notAValidId\" (type string) at path \"_id\" for model \"Adoptions\"","timestamp":"2025-04-10T16:01:37.514Z"}
{"level":"error","message":"Error Get User: \nDetalle: User with ID 67f7eb616eced1720e676ab7 not found","timestamp":"2025-04-10T16:01:37.954Z"}
{"level":"error","message":"Error handler activado: Cast to ObjectId failed for value \"notAValidId\" (type string) at path \"_id\" for model \"Users\"","timestamp":"2025-04-10T16:01:37.961Z"}
{"level":"error","message":"User not found: \nDetalle: User with ID 67f7eb626eced1720e676ab8 not found","timestamp":"2025-04-10T16:01:38.122Z"}
{"level":"error","message":"User Not Found: \nDetalle: User with ID 67f7eb626eced1720e676ab9 not found","timestamp":"2025-04-10T16:01:38.290Z"}
{"level":"error","message":"Error handler activado: Cast to ObjectId failed for value \"notAValidId\" (type string) at path \"_id\" for model \"Users\"","timestamp":"2025-04-10T16:01:38.306Z"}
